In file included from [01m[K/home/lattinone/catkin_ws/robot_programming/src/icp_localization/include/localizer2d.h:6[m[K,
                 from [01m[K/home/lattinone/catkin_ws/robot_programming/src/icp_localization/src/localizer2d.cpp:1[m[K:
/home/lattinone/catkin_ws/robot_programming/src/icp_localization/include/icp/eigen_kdtree.h: In instantiation of ‘[01m[Kvoid TreeNode_<IteratorType_>::fullSearchLaser(TreeNode_<IteratorType_>::AnswerType&, const PointType&, float, float, float, float, float) [with IteratorType_ = __gnu_cxx::__normal_iterator<Eigen::Matrix<float, 2, 1>*, std::vector<Eigen::Matrix<float, 2, 1>, Eigen::aligned_allocator<Eigen::Matrix<float, 2, 1> > > >; TreeNode_<IteratorType_>::AnswerType = std::vector<Eigen::Matrix<float, 2, 1>*>; typename IteratorType_::value_type = Eigen::Matrix<float, 2, 1>; TreeNode_<IteratorType_>::PointType = Eigen::Matrix<float, 2, 1>][m[K’:
[01m[K/home/lattinone/catkin_ws/robot_programming/src/icp_localization/src/localizer2d.cpp:187:41:[m[K   required from here
[01m[K/home/lattinone/catkin_ws/robot_programming/src/icp_localization/include/icp/eigen_kdtree.h:99:37:[m[K [01;31m[Kerror: [m[Kno match for ‘[01m[Koperator[][m[K’ (operand types are ‘[01m[Kstd::vector<Eigen::Matrix<float, 2, 1>, std::allocator<Eigen::Matrix<float, 2, 1> > >[m[K’ and ‘[01m[KTreeNode_<__gnu_cxx::__normal_iterator<Eigen::Matrix<float, 2, 1>*, std::vector<Eigen::Matrix<float, 2, 1>, Eigen::aligned_allocator<Eigen::Matrix<float, 2, 1> > > > >::IteratorType[m[K’ {aka ‘[01m[K__gnu_cxx::__normal_iterator<Eigen::Matrix<float, 2, 1>*, std::vector<Eigen::Matrix<float, 2, 1>, Eigen::aligned_allocator<Eigen::Matrix<float, 2, 1> > > >[m[K’})
   99 |             answers.push_back(&[01;31m[K_data[[m[K_begin]);
      |                                [01;31m[K~~~~~^[m[K
In file included from [01m[K/usr/include/c++/9/vector:67[m[K,
                 from [01m[K/usr/include/c++/9/functional:62[m[K,
                 from [01m[K/usr/include/eigen3/Eigen/Core:281[m[K,
                 from [01m[K/usr/include/eigen3/Eigen/Dense:1[m[K,
                 from [01m[K/home/lattinone/catkin_ws/robot_programming/src/icp_localization/include/localizer2d.h:3[m[K,
                 from [01m[K/home/lattinone/catkin_ws/robot_programming/src/icp_localization/src/localizer2d.cpp:1[m[K:
[01m[K/usr/include/c++/9/bits/stl_vector.h:1040:7:[m[K [01;36m[Knote: [m[Kcandidate: ‘[01m[Kstd::vector<_Tp, _Alloc>::reference std::vector<_Tp, _Alloc>::operator[](std::vector<_Tp, _Alloc>::size_type) [with _Tp = Eigen::Matrix<float, 2, 1>; _Alloc = std::allocator<Eigen::Matrix<float, 2, 1> >; std::vector<_Tp, _Alloc>::reference = Eigen::Matrix<float, 2, 1>&; std::vector<_Tp, _Alloc>::size_type = long unsigned int][m[K’
 1040 |       [01;36m[Koperator[m[K[](size_type __n) _GLIBCXX_NOEXCEPT
      |       [01;36m[K^~~~~~~~[m[K
[01m[K/usr/include/c++/9/bits/stl_vector.h:1040:28:[m[K [01;36m[Knote: [m[K  no known conversion for argument 1 from ‘[01m[KTreeNode_<__gnu_cxx::__normal_iterator<Eigen::Matrix<float, 2, 1>*, std::vector<Eigen::Matrix<float, 2, 1>, Eigen::aligned_allocator<Eigen::Matrix<float, 2, 1> > > > >::IteratorType[m[K’ {aka ‘[01m[K__gnu_cxx::__normal_iterator<Eigen::Matrix<float, 2, 1>*, std::vector<Eigen::Matrix<float, 2, 1>, Eigen::aligned_allocator<Eigen::Matrix<float, 2, 1> > > >[m[K’} to ‘[01m[Kstd::vector<Eigen::Matrix<float, 2, 1>, std::allocator<Eigen::Matrix<float, 2, 1> > >::size_type[m[K’ {aka ‘[01m[Klong unsigned int[m[K’}
 1040 |       operator[]([01;36m[Ksize_type __n[m[K) _GLIBCXX_NOEXCEPT
      |                  [01;36m[K~~~~~~~~~~^~~[m[K
[01m[K/usr/include/c++/9/bits/stl_vector.h:1058:7:[m[K [01;36m[Knote: [m[Kcandidate: ‘[01m[Kstd::vector<_Tp, _Alloc>::const_reference std::vector<_Tp, _Alloc>::operator[](std::vector<_Tp, _Alloc>::size_type) const [with _Tp = Eigen::Matrix<float, 2, 1>; _Alloc = std::allocator<Eigen::Matrix<float, 2, 1> >; std::vector<_Tp, _Alloc>::const_reference = const Eigen::Matrix<float, 2, 1>&; std::vector<_Tp, _Alloc>::size_type = long unsigned int][m[K’
 1058 |       [01;36m[Koperator[m[K[](size_type __n) const _GLIBCXX_NOEXCEPT
      |       [01;36m[K^~~~~~~~[m[K
[01m[K/usr/include/c++/9/bits/stl_vector.h:1058:28:[m[K [01;36m[Knote: [m[K  no known conversion for argument 1 from ‘[01m[KTreeNode_<__gnu_cxx::__normal_iterator<Eigen::Matrix<float, 2, 1>*, std::vector<Eigen::Matrix<float, 2, 1>, Eigen::aligned_allocator<Eigen::Matrix<float, 2, 1> > > > >::IteratorType[m[K’ {aka ‘[01m[K__gnu_cxx::__normal_iterator<Eigen::Matrix<float, 2, 1>*, std::vector<Eigen::Matrix<float, 2, 1>, Eigen::aligned_allocator<Eigen::Matrix<float, 2, 1> > > >[m[K’} to ‘[01m[Kstd::vector<Eigen::Matrix<float, 2, 1>, std::allocator<Eigen::Matrix<float, 2, 1> > >::size_type[m[K’ {aka ‘[01m[Klong unsigned int[m[K’}
 1058 |       operator[]([01;36m[Ksize_type __n[m[K) const _GLIBCXX_NOEXCEPT
      |                  [01;36m[K~~~~~~~~~~^~~[m[K
make[2]: *** [CMakeFiles/localizer2d.dir/build.make:63: CMakeFiles/localizer2d.dir/src/localizer2d.cpp.o] Error 1
make[1]: *** [CMakeFiles/Makefile2:412: CMakeFiles/localizer2d.dir/all] Error 2
make: *** [Makefile:141: all] Error 2
