[01m[K/home/lattinone/catkin_ws/robot_programming/src/icp_localization/src/localizer2d.cpp:29:6:[m[K [01;31m[Kerror: [m[Kno declaration matches ‘[01m[Kvoid Localizer2D::printKDTree()[m[K’
   29 | void [01;31m[KLocalizer2D[m[K::printKDTree() {
      |      [01;31m[K^~~~~~~~~~~[m[K
[01m[K/home/lattinone/catkin_ws/robot_programming/src/icp_localization/src/localizer2d.cpp:29:6:[m[K [01;36m[Knote: [m[Kno functions named ‘[01m[Kvoid Localizer2D::printKDTree()[m[K’
In file included from [01m[K/home/lattinone/catkin_ws/robot_programming/src/icp_localization/src/localizer2d.cpp:1[m[K:
[01m[K/home/lattinone/catkin_ws/robot_programming/src/icp_localization/include/localizer2d.h:9:7:[m[K [01;36m[Knote: [m[K‘[01m[Kclass Localizer2D[m[K’ defined here
    9 | class [01;36m[KLocalizer2D[m[K {
      |       [01;36m[K^~~~~~~~~~~[m[K
[01m[K/home/lattinone/catkin_ws/robot_programming/src/icp_localization/src/localizer2d.cpp:[m[K In member function ‘[01m[Kvoid Localizer2D::setMap(std::shared_ptr<Map>)[m[K’:
[01m[K/home/lattinone/catkin_ws/robot_programming/src/icp_localization/src/localizer2d.cpp:75:10:[m[K [01;31m[Kerror: [m[Kcould not convert ‘[01m[Kkd_tree[m[K’ from ‘[01m[KTreeNode_<__gnu_cxx::__normal_iterator<Eigen::Matrix<float, 2, 1>*, std::vector<Eigen::Matrix<float, 2, 1>, Eigen::aligned_allocator<Eigen::Matrix<float, 2, 1> > > > >[m[K’ to ‘[01m[Kbool[m[K’
   75 |      if ([01;31m[Kkd_tree[m[K) {
      |          [01;31m[K^~~~~~~[m[K
      |          [01;31m[K|[m[K
      |          [01;31m[KTreeNode_<__gnu_cxx::__normal_iterator<Eigen::Matrix<float, 2, 1>*, std::vector<Eigen::Matrix<float, 2, 1>, Eigen::aligned_allocator<Eigen::Matrix<float, 2, 1> > > > >[m[K
[01m[K/home/lattinone/catkin_ws/robot_programming/src/icp_localization/src/localizer2d.cpp:77:29:[m[K [01;31m[Kerror: [m[K‘[01m[Kclass TreeNode_<__gnu_cxx::__normal_iterator<Eigen::Matrix<float, 2, 1>*, std::vector<Eigen::Matrix<float, 2, 1>, Eigen::aligned_allocator<Eigen::Matrix<float, 2, 1> > > > >[m[K’ has no member named ‘[01m[Kroot[m[K’
   77 |         printKDTree(kd_tree.[01;31m[Kroot[m[K());
      |                             [01;31m[K^~~~[m[K
[01m[K/home/lattinone/catkin_ws/robot_programming/src/icp_localization/src/localizer2d.cpp:77:9:[m[K [01;31m[Kerror: [m[K‘[01m[KprintKDTree[m[K’ was not declared in this scope
   77 |         [01;31m[KprintKDTree[m[K(kd_tree.root());
      |         [01;31m[K^~~~~~~~~~~[m[K
make[2]: *** [CMakeFiles/localizer2d.dir/build.make:63: CMakeFiles/localizer2d.dir/src/localizer2d.cpp.o] Error 1
make[1]: *** [CMakeFiles/Makefile2:412: CMakeFiles/localizer2d.dir/all] Error 2
make: *** [Makefile:141: all] Error 2
