In file included from [01m[K/opt/ros/noetic/include/ros/ros.h:40[m[K,
                 from [01m[K/home/lattinone/catkin_ws/robot_programming/src/icp_localization/bin/localizer_node.cpp:4[m[K:
[01m[K/home/lattinone/catkin_ws/robot_programming/src/icp_localization/bin/localizer_node.cpp:[m[K In function ‘[01m[Kvoid callback_map(const OccupancyGridConstPtr&)[m[K’:
[01m[K/home/lattinone/catkin_ws/robot_programming/src/icp_localization/bin/localizer_node.cpp:73:33:[m[K [01;31m[Kerror: [m[K‘[01m[Kdata[m[K’ was not declared in this scope; did you mean ‘[01m[Kstd::data[m[K’?
   73 |   ROS_INFO("Received: %s", msg_>[01;31m[Kdata[m[K.c_str());
      |                                 [01;31m[K^~~~[m[K
[01m[K/opt/ros/noetic/include/ros/console.h:351:165:[m[K [01;36m[Knote: [m[Kin definition of macro ‘[01m[KROSCONSOLE_PRINT_AT_LOCATION_WITH_FILTER[m[K’
  351 |     ::ros::console::print(filter, __rosconsole_define_location__loc.logger_, __rosconsole_define_location__loc.level_, __FILE__, __LINE__, __ROSCONSOLE_FUNCTION__, [01;36m[K__VA_ARGS__[m[K)
      |                                                                                                                                                                     [01;36m[K^~~~~~~~~~~[m[K
[01m[K/opt/ros/noetic/include/ros/console.h:390:7:[m[K [01;36m[Knote: [m[Kin expansion of macro ‘[01m[KROSCONSOLE_PRINT_AT_LOCATION[m[K’
  390 |       [01;36m[KROSCONSOLE_PRINT_AT_LOCATION[m[K(__VA_ARGS__); \
      |       [01;36m[K^~~~~~~~~~~~~~~~~~~~~~~~~~~~[m[K
[01m[K/opt/ros/noetic/include/ros/console.h:575:35:[m[K [01;36m[Knote: [m[Kin expansion of macro ‘[01m[KROS_LOG_COND[m[K’
  575 | #define ROS_LOG(level, name, ...) [01;36m[KROS_LOG_COND[m[K(true, level, name, __VA_ARGS__)
      |                                   [01;36m[K^~~~~~~~~~~~[m[K
[01m[K/opt/ros/noetic/include/rosconsole/macros_generated.h:110:23:[m[K [01;36m[Knote: [m[Kin expansion of macro ‘[01m[KROS_LOG[m[K’
  110 | #define ROS_INFO(...) [01;36m[KROS_LOG[m[K(::ros::console::levels::Info, ROSCONSOLE_DEFAULT_NAME, __VA_ARGS__)
      |                       [01;36m[K^~~~~~~[m[K
[01m[K/home/lattinone/catkin_ws/robot_programming/src/icp_localization/bin/localizer_node.cpp:73:3:[m[K [01;36m[Knote: [m[Kin expansion of macro ‘[01m[KROS_INFO[m[K’
   73 |   [01;36m[KROS_INFO[m[K("Received: %s", msg_>data.c_str());
      |   [01;36m[K^~~~~~~~[m[K
In file included from [01m[K/usr/include/c++/9/string:54[m[K,
                 from [01m[K/opt/ros/noetic/include/geometry_msgs/PoseWithCovarianceStamped.h:9[m[K,
                 from [01m[K/home/lattinone/catkin_ws/robot_programming/src/icp_localization/bin/localizer_node.cpp:1[m[K:
[01m[K/usr/include/c++/9/bits/range_access.h:318:5:[m[K [01;36m[Knote: [m[K‘[01m[Kstd::data[m[K’ declared here
  318 |     [01;36m[Kdata[m[K(initializer_list<_Tp> __il) noexcept
      |     [01;36m[K^~~~[m[K
make[2]: *** [CMakeFiles/localizer_node.dir/build.make:63: CMakeFiles/localizer_node.dir/bin/localizer_node.cpp.o] Error 1
make[1]: *** [CMakeFiles/Makefile2:1764: CMakeFiles/localizer_node.dir/all] Error 2
make: *** [Makefile:141: all] Error 2
