[01m[K/home/lattinone/catkin_ws/robot_programming/src/icp_localization/src/localizer2d.cpp:[m[K In constructor ‘[01m[KLocalizer2D::Localizer2D()[m[K’:
[01m[K/home/lattinone/catkin_ws/robot_programming/src/icp_localization/src/localizer2d.cpp:10:29:[m[K [01;31m[Kerror: [m[Kno matching function for call to ‘[01m[KTreeNode_<__gnu_cxx::__normal_iterator<Eigen::Matrix<float, 2, 1>*, std::vector<Eigen::Matrix<float, 2, 1>, Eigen::aligned_allocator<Eigen::Matrix<float, 2, 1> > > > >::TreeNode_()[m[K’
   10 |       _obst_tree_ptr(nullptr[01;31m[K)[m[K {}
      |                             [01;31m[K^[m[K
In file included from [01m[K/home/lattinone/catkin_ws/robot_programming/src/icp_localization/include/localizer2d.h:6[m[K,
                 from [01m[K/home/lattinone/catkin_ws/robot_programming/src/icp_localization/src/localizer2d.cpp:1[m[K:
[01m[K/home/lattinone/catkin_ws/robot_programming/src/icp_localization/include/icp/eigen_kdtree.h:24:3:[m[K [01;36m[Knote: [m[Kcandidate: ‘[01m[KTreeNode_<IteratorType_>::TreeNode_(TreeNode_<IteratorType_>::IteratorType, TreeNode_<IteratorType_>::IteratorType, int) [with IteratorType_ = __gnu_cxx::__normal_iterator<Eigen::Matrix<float, 2, 1>*, std::vector<Eigen::Matrix<float, 2, 1>, Eigen::aligned_allocator<Eigen::Matrix<float, 2, 1> > > >; TreeNode_<IteratorType_>::IteratorType = __gnu_cxx::__normal_iterator<Eigen::Matrix<float, 2, 1>*, std::vector<Eigen::Matrix<float, 2, 1>, Eigen::aligned_allocator<Eigen::Matrix<float, 2, 1> > > >][m[K’
   24 |   [01;36m[KTreeNode_[m[K(IteratorType begin_, IteratorType end_, int max_points_in_leaf = 20)
      |   [01;36m[K^~~~~~~~~[m[K
[01m[K/home/lattinone/catkin_ws/robot_programming/src/icp_localization/include/icp/eigen_kdtree.h:24:3:[m[K [01;36m[Knote: [m[K  candidate expects 3 arguments, 0 provided
[01m[K/home/lattinone/catkin_ws/robot_programming/src/icp_localization/include/icp/eigen_kdtree.h:10:7:[m[K [01;36m[Knote: [m[Kcandidate: ‘[01m[KTreeNode_<__gnu_cxx::__normal_iterator<Eigen::Matrix<float, 2, 1>*, std::vector<Eigen::Matrix<float, 2, 1>, Eigen::aligned_allocator<Eigen::Matrix<float, 2, 1> > > > >::TreeNode_(TreeNode_<__gnu_cxx::__normal_iterator<Eigen::Matrix<float, 2, 1>*, std::vector<Eigen::Matrix<float, 2, 1>, Eigen::aligned_allocator<Eigen::Matrix<float, 2, 1> > > > >&&)[m[K’
   10 | class [01;36m[KTreeNode_[m[K {
      |       [01;36m[K^~~~~~~~~[m[K
[01m[K/home/lattinone/catkin_ws/robot_programming/src/icp_localization/include/icp/eigen_kdtree.h:10:7:[m[K [01;36m[Knote: [m[K  candidate expects 1 argument, 0 provided
[01m[K/home/lattinone/catkin_ws/robot_programming/src/icp_localization/src/localizer2d.cpp:[m[K In member function ‘[01m[Kvoid Localizer2D::setMap(std::shared_ptr<Map>)[m[K’:
[01m[K/home/lattinone/catkin_ws/robot_programming/src/icp_localization/src/localizer2d.cpp:70:76:[m[K [01;31m[Kerror: [m[Kno match for ‘[01m[Koperator=[m[K’ (operand types are ‘[01m[Kstd::shared_ptr<TreeNode_<__gnu_cxx::__normal_iterator<Eigen::Matrix<float, 2, 1>*, std::vector<Eigen::Matrix<float, 2, 1>, Eigen::aligned_allocator<Eigen::Matrix<float, 2, 1> > > > > >[m[K’ and ‘[01m[KTreeNode_<__gnu_cxx::__normal_iterator<Eigen::Matrix<float, 2, 1>*, std::vector<Eigen::Matrix<float, 2, 1>, Eigen::aligned_allocator<Eigen::Matrix<float, 2, 1> > > > >[m[K’)
   70 |         _obst_tree_ptr = TreeNode_(_obst_vect.begin(), _obst_vect.end(), 10[01;31m[K)[m[K;
      |                                                                            [01;31m[K^[m[K
In file included from [01m[K/usr/include/c++/9/memory:81[m[K,
                 from [01m[K/home/lattinone/catkin_ws/robot_programming/src/icp_localization/include/icp/eigen_kdtree.h:3[m[K,
                 from [01m[K/home/lattinone/catkin_ws/robot_programming/src/icp_localization/include/localizer2d.h:6[m[K,
                 from [01m[K/home/lattinone/catkin_ws/robot_programming/src/icp_localization/src/localizer2d.cpp:1[m[K:
[01m[K/usr/include/c++/9/bits/shared_ptr.h:309:19:[m[K [01;36m[Knote: [m[Kcandidate: ‘[01m[Kstd::shared_ptr<_Tp>& std::shared_ptr<_Tp>::operator=(const std::shared_ptr<_Tp>&) [with _Tp = TreeNode_<__gnu_cxx::__normal_iterator<Eigen::Matrix<float, 2, 1>*, std::vector<Eigen::Matrix<float, 2, 1>, Eigen::aligned_allocator<Eigen::Matrix<float, 2, 1> > > > >][m[K’
  309 |       shared_ptr& [01;36m[Koperator[m[K=(const shared_ptr&) noexcept = default;
      |                   [01;36m[K^~~~~~~~[m[K
[01m[K/usr/include/c++/9/bits/shared_ptr.h:309:29:[m[K [01;36m[Knote: [m[K  no known conversion for argument 1 from ‘[01m[KTreeNode_<__gnu_cxx::__normal_iterator<Eigen::Matrix<float, 2, 1>*, std::vector<Eigen::Matrix<float, 2, 1>, Eigen::aligned_allocator<Eigen::Matrix<float, 2, 1> > > > >[m[K’ to ‘[01m[Kconst std::shared_ptr<TreeNode_<__gnu_cxx::__normal_iterator<Eigen::Matrix<float, 2, 1>*, std::vector<Eigen::Matrix<float, 2, 1>, Eigen::aligned_allocator<Eigen::Matrix<float, 2, 1> > > > > >&[m[K’
  309 |       shared_ptr& operator=([01;36m[Kconst shared_ptr&[m[K) noexcept = default;
      |                             [01;36m[K^~~~~~~~~~~~~~~~~[m[K
[01m[K/usr/include/c++/9/bits/shared_ptr.h:313:2:[m[K [01;36m[Knote: [m[Kcandidate: ‘[01m[Ktemplate<class _Yp> std::shared_ptr<_Tp>::_Assignable<const std::shared_ptr<_Yp>&> std::shared_ptr<_Tp>::operator=(const std::shared_ptr<_Yp>&) [with _Yp = _Yp; _Tp = TreeNode_<__gnu_cxx::__normal_iterator<Eigen::Matrix<float, 2, 1>*, std::vector<Eigen::Matrix<float, 2, 1>, Eigen::aligned_allocator<Eigen::Matrix<float, 2, 1> > > > >][m[K’
  313 |  [01;36m[Koperator[m[K=(const shared_ptr<_Yp>& __r) noexcept
      |  [01;36m[K^~~~~~~~[m[K
[01m[K/usr/include/c++/9/bits/shared_ptr.h:313:2:[m[K [01;36m[Knote: [m[K  template argument deduction/substitution failed:
[01m[K/home/lattinone/catkin_ws/robot_programming/src/icp_localization/src/localizer2d.cpp:70:76:[m[K [01;36m[Knote: [m[K  ‘[01m[KTreeNode_<__gnu_cxx::__normal_iterator<Eigen::Matrix<float, 2, 1>*, std::vector<Eigen::Matrix<float, 2, 1>, Eigen::aligned_allocator<Eigen::Matrix<float, 2, 1> > > > >[m[K’ is not derived from ‘[01m[Kconst std::shared_ptr<_Tp>[m[K’
   70 |         _obst_tree_ptr = TreeNode_(_obst_vect.begin(), _obst_vect.end(), 10[01;36m[K)[m[K;
      |                                                                            [01;36m[K^[m[K
In file included from [01m[K/usr/include/c++/9/memory:81[m[K,
                 from [01m[K/home/lattinone/catkin_ws/robot_programming/src/icp_localization/include/icp/eigen_kdtree.h:3[m[K,
                 from [01m[K/home/lattinone/catkin_ws/robot_programming/src/icp_localization/include/localizer2d.h:6[m[K,
                 from [01m[K/home/lattinone/catkin_ws/robot_programming/src/icp_localization/src/localizer2d.cpp:1[m[K:
[01m[K/usr/include/c++/9/bits/shared_ptr.h:324:2:[m[K [01;36m[Knote: [m[Kcandidate: ‘[01m[Ktemplate<class _Yp> std::shared_ptr<_Tp>::_Assignable<std::auto_ptr<_Up> > std::shared_ptr<_Tp>::operator=(std::auto_ptr<_Up>&&) [with _Yp = _Yp; _Tp = TreeNode_<__gnu_cxx::__normal_iterator<Eigen::Matrix<float, 2, 1>*, std::vector<Eigen::Matrix<float, 2, 1>, Eigen::aligned_allocator<Eigen::Matrix<float, 2, 1> > > > >][m[K’
  324 |  [01;36m[Koperator[m[K=(auto_ptr<_Yp>&& __r)
      |  [01;36m[K^~~~~~~~[m[K
[01m[K/usr/include/c++/9/bits/shared_ptr.h:324:2:[m[K [01;36m[Knote: [m[K  template argument deduction/substitution failed:
[01m[K/home/lattinone/catkin_ws/robot_programming/src/icp_localization/src/localizer2d.cpp:70:76:[m[K [01;36m[Knote: [m[K  ‘[01m[KTreeNode_<__gnu_cxx::__normal_iterator<Eigen::Matrix<float, 2, 1>*, std::vector<Eigen::Matrix<float, 2, 1>, Eigen::aligned_allocator<Eigen::Matrix<float, 2, 1> > > > >[m[K’ is not derived from ‘[01m[Kstd::auto_ptr<Y>[m[K’
   70 |         _obst_tree_ptr = TreeNode_(_obst_vect.begin(), _obst_vect.end(), 10[01;36m[K)[m[K;
      |                                                                            [01;36m[K^[m[K
In file included from [01m[K/usr/include/c++/9/memory:81[m[K,
                 from [01m[K/home/lattinone/catkin_ws/robot_programming/src/icp_localization/include/icp/eigen_kdtree.h:3[m[K,
                 from [01m[K/home/lattinone/catkin_ws/robot_programming/src/icp_localization/include/localizer2d.h:6[m[K,
                 from [01m[K/home/lattinone/catkin_ws/robot_programming/src/icp_localization/src/localizer2d.cpp:1[m[K:
[01m[K/usr/include/c++/9/bits/shared_ptr.h:333:7:[m[K [01;36m[Knote: [m[Kcandidate: ‘[01m[Kstd::shared_ptr<_Tp>& std::shared_ptr<_Tp>::operator=(std::shared_ptr<_Tp>&&) [with _Tp = TreeNode_<__gnu_cxx::__normal_iterator<Eigen::Matrix<float, 2, 1>*, std::vector<Eigen::Matrix<float, 2, 1>, Eigen::aligned_allocator<Eigen::Matrix<float, 2, 1> > > > >][m[K’
  333 |       [01;36m[Koperator[m[K=(shared_ptr&& __r) noexcept
      |       [01;36m[K^~~~~~~~[m[K
[01m[K/usr/include/c++/9/bits/shared_ptr.h:333:30:[m[K [01;36m[Knote: [m[K  no known conversion for argument 1 from ‘[01m[KTreeNode_<__gnu_cxx::__normal_iterator<Eigen::Matrix<float, 2, 1>*, std::vector<Eigen::Matrix<float, 2, 1>, Eigen::aligned_allocator<Eigen::Matrix<float, 2, 1> > > > >[m[K’ to ‘[01m[Kstd::shared_ptr<TreeNode_<__gnu_cxx::__normal_iterator<Eigen::Matrix<float, 2, 1>*, std::vector<Eigen::Matrix<float, 2, 1>, Eigen::aligned_allocator<Eigen::Matrix<float, 2, 1> > > > > >&&[m[K’
  333 |       operator=([01;36m[Kshared_ptr&& __r[m[K) noexcept
      |                 [01;36m[K~~~~~~~~~~~~~^~~[m[K
[01m[K/usr/include/c++/9/bits/shared_ptr.h:341:2:[m[K [01;36m[Knote: [m[Kcandidate: ‘[01m[Ktemplate<class _Yp> std::shared_ptr<_Tp>::_Assignable<std::shared_ptr<_Yp> > std::shared_ptr<_Tp>::operator=(std::shared_ptr<_Yp>&&) [with _Yp = _Yp; _Tp = TreeNode_<__gnu_cxx::__normal_iterator<Eigen::Matrix<float, 2, 1>*, std::vector<Eigen::Matrix<float, 2, 1>, Eigen::aligned_allocator<Eigen::Matrix<float, 2, 1> > > > >][m[K’
  341 |  [01;36m[Koperator[m[K=(shared_ptr<_Yp>&& __r) noexcept
      |  [01;36m[K^~~~~~~~[m[K
[01m[K/usr/include/c++/9/bits/shared_ptr.h:341:2:[m[K [01;36m[Knote: [m[K  template argument deduction/substitution failed:
[01m[K/home/lattinone/catkin_ws/robot_programming/src/icp_localization/src/localizer2d.cpp:70:76:[m[K [01;36m[Knote: [m[K  ‘[01m[KTreeNode_<__gnu_cxx::__normal_iterator<Eigen::Matrix<float, 2, 1>*, std::vector<Eigen::Matrix<float, 2, 1>, Eigen::aligned_allocator<Eigen::Matrix<float, 2, 1> > > > >[m[K’ is not derived from ‘[01m[Kstd::shared_ptr<_Tp>[m[K’
   70 |         _obst_tree_ptr = TreeNode_(_obst_vect.begin(), _obst_vect.end(), 10[01;36m[K)[m[K;
      |                                                                            [01;36m[K^[m[K
In file included from [01m[K/usr/include/c++/9/memory:81[m[K,
                 from [01m[K/home/lattinone/catkin_ws/robot_programming/src/icp_localization/include/icp/eigen_kdtree.h:3[m[K,
                 from [01m[K/home/lattinone/catkin_ws/robot_programming/src/icp_localization/include/localizer2d.h:6[m[K,
                 from [01m[K/home/lattinone/catkin_ws/robot_programming/src/icp_localization/src/localizer2d.cpp:1[m[K:
[01m[K/usr/include/c++/9/bits/shared_ptr.h:349:2:[m[K [01;36m[Knote: [m[Kcandidate: ‘[01m[Ktemplate<class _Yp, class _Del> std::shared_ptr<_Tp>::_Assignable<std::unique_ptr<_Up, _Ep> > std::shared_ptr<_Tp>::operator=(std::unique_ptr<_Up, _Ep>&&) [with _Yp = _Yp; _Del = _Del; _Tp = TreeNode_<__gnu_cxx::__normal_iterator<Eigen::Matrix<float, 2, 1>*, std::vector<Eigen::Matrix<float, 2, 1>, Eigen::aligned_allocator<Eigen::Matrix<float, 2, 1> > > > >][m[K’
  349 |  [01;36m[Koperator[m[K=(unique_ptr<_Yp, _Del>&& __r)
      |  [01;36m[K^~~~~~~~[m[K
[01m[K/usr/include/c++/9/bits/shared_ptr.h:349:2:[m[K [01;36m[Knote: [m[K  template argument deduction/substitution failed:
[01m[K/home/lattinone/catkin_ws/robot_programming/src/icp_localization/src/localizer2d.cpp:70:76:[m[K [01;36m[Knote: [m[K  ‘[01m[KTreeNode_<__gnu_cxx::__normal_iterator<Eigen::Matrix<float, 2, 1>*, std::vector<Eigen::Matrix<float, 2, 1>, Eigen::aligned_allocator<Eigen::Matrix<float, 2, 1> > > > >[m[K’ is not derived from ‘[01m[Kstd::unique_ptr<_Tp, _Dp>[m[K’
   70 |         _obst_tree_ptr = TreeNode_(_obst_vect.begin(), _obst_vect.end(), 10[01;36m[K)[m[K;
      |                                                                            [01;36m[K^[m[K
[01m[K/home/lattinone/catkin_ws/robot_programming/src/icp_localization/src/localizer2d.cpp:[m[K In member function ‘[01m[Kvoid Localizer2D::setInitialPose(const Isometry2f&)[m[K’:
[01m[K/home/lattinone/catkin_ws/robot_programming/src/icp_localization/src/localizer2d.cpp:89:3:[m[K [01;31m[Kerror: [m[K‘[01m[KROS_INFO[m[K’ was not declared in this scope
   89 |   [01;31m[KROS_INFO[m[K("Initial pose has been set.");
      |   [01;31m[K^~~~~~~~[m[K
[01m[K/home/lattinone/catkin_ws/robot_programming/src/icp_localization/src/localizer2d.cpp:90:19:[m[K [01;31m[Kerror: [m[K‘[01m[Kinitial_pose[m[K’ was not declared in this scope; did you mean ‘[01m[K_initial_pose[m[K’?
   90 |   _initial_pose = [01;31m[Kinitial_pose[m[K;
      |                   [01;31m[K^~~~~~~~~~~~[m[K
      |                   [32m[K_initial_pose[m[K
make[2]: *** [CMakeFiles/localizer2d.dir/build.make:63: CMakeFiles/localizer2d.dir/src/localizer2d.cpp.o] Error 1
make[1]: *** [CMakeFiles/Makefile2:412: CMakeFiles/localizer2d.dir/all] Error 2
make: *** [Makefile:141: all] Error 2
