[01m[K/home/lattinone/catkin_ws/robot_programming/src/icp_localization/src/localizer2d.cpp:[m[K In member function ‘[01m[Kvoid Localizer2D::getPrediction(Localizer2D::ContainerType&)[m[K’:
[01m[K/home/lattinone/catkin_ws/robot_programming/src/icp_localization/src/localizer2d.cpp:184:71:[m[K [01;31m[Kerror: [m[Kno matching function for call to ‘[01m[KTreeNode_<__gnu_cxx::__normal_iterator<Eigen::Matrix<float, 2, 1>*, std::vector<Eigen::Matrix<float, 2, 1>, Eigen::aligned_allocator<Eigen::Matrix<float, 2, 1> > > > >::fullSearchLaser(Localizer2D::AnswerType&, Eigen::Transform<float, 2, 1>::TranslationPart, int)[m[K’
  184 |     kd_tree.fullSearchLaser(answers, _laser_in_world.translation(), 20[01;31m[K)[m[K;
      |                                                                       [01;31m[K^[m[K
In file included from [01m[K/home/lattinone/catkin_ws/robot_programming/src/icp_localization/include/localizer2d.h:6[m[K,
                 from [01m[K/home/lattinone/catkin_ws/robot_programming/src/icp_localization/src/localizer2d.cpp:1[m[K:
[01m[K/home/lattinone/catkin_ws/robot_programming/src/icp_localization/include/icp/eigen_kdtree.h:67:6:[m[K [01;36m[Knote: [m[Kcandidate: ‘[01m[Kvoid TreeNode_<IteratorType_>::fullSearchLaser(TreeNode_<IteratorType_>::AnswerType&, const PointType&, float, float, float, float, float) [with IteratorType_ = __gnu_cxx::__normal_iterator<Eigen::Matrix<float, 2, 1>*, std::vector<Eigen::Matrix<float, 2, 1>, Eigen::aligned_allocator<Eigen::Matrix<float, 2, 1> > > >; TreeNode_<IteratorType_>::AnswerType = std::vector<Eigen::Matrix<float, 2, 1>*>; typename IteratorType_::value_type = Eigen::Matrix<float, 2, 1>; TreeNode_<IteratorType_>::PointType = Eigen::Matrix<float, 2, 1>][m[K’
   67 | void [01;36m[KfullSearchLaser[m[K(AnswerType& answers, const PointType& query,
      |      [01;36m[K^~~~~~~~~~~~~~~[m[K
[01m[K/home/lattinone/catkin_ws/robot_programming/src/icp_localization/include/icp/eigen_kdtree.h:67:6:[m[K [01;36m[Knote: [m[K  candidate expects 7 arguments, 3 provided
[01m[K/home/lattinone/catkin_ws/robot_programming/src/icp_localization/src/localizer2d.cpp:186:23:[m[K [01;31m[Kerror: [m[K‘[01m[K_range_min_[m[K’ was not declared in this scope; did you mean ‘[01m[K_range_min[m[K’?
  186 |                       [01;31m[K_range_min_[m[K, _range_max_, _angle_min_,
      |                       [01;31m[K^~~~~~~~~~~[m[K
      |                       [32m[K_range_min[m[K
[01m[K/home/lattinone/catkin_ws/robot_programming/src/icp_localization/src/localizer2d.cpp:186:36:[m[K [01;31m[Kerror: [m[K‘[01m[K_range_max_[m[K’ was not declared in this scope; did you mean ‘[01m[K_range_max[m[K’?
  186 |                       _range_min_, [01;31m[K_range_max_[m[K, _angle_min_,
      |                                    [01;31m[K^~~~~~~~~~~[m[K
      |                                    [32m[K_range_max[m[K
[01m[K/home/lattinone/catkin_ws/robot_programming/src/icp_localization/src/localizer2d.cpp:186:49:[m[K [01;31m[Kerror: [m[K‘[01m[K_angle_min_[m[K’ was not declared in this scope; did you mean ‘[01m[K_angle_min[m[K’?
  186 |                       _range_min_, _range_max_, [01;31m[K_angle_min_[m[K,
      |                                                 [01;31m[K^~~~~~~~~~~[m[K
      |                                                 [32m[K_angle_min[m[K
[01m[K/home/lattinone/catkin_ws/robot_programming/src/icp_localization/src/localizer2d.cpp:187:8:[m[K [01;31m[Kerror: [m[K‘[01m[K_angle_max_[m[K’ was not declared in this scope; did you mean ‘[01m[K_angle_max[m[K’?
  187 |        [01;31m[K_angle_max_[m[K,  _angle_increment_)
      |        [01;31m[K^~~~~~~~~~~[m[K
      |        [32m[K_angle_max[m[K
[01m[K/home/lattinone/catkin_ws/robot_programming/src/icp_localization/src/localizer2d.cpp:187:22:[m[K [01;31m[Kerror: [m[K‘[01m[K_angle_increment_[m[K’ was not declared in this scope; did you mean ‘[01m[K_angle_increment[m[K’?
  187 |        _angle_max_,  [01;31m[K_angle_increment_[m[K)
      |                      [01;31m[K^~~~~~~~~~~~~~~~~[m[K
      |                      [32m[K_angle_increment[m[K
make[2]: *** [CMakeFiles/localizer2d.dir/build.make:63: CMakeFiles/localizer2d.dir/src/localizer2d.cpp.o] Error 1
make[1]: *** [CMakeFiles/Makefile2:412: CMakeFiles/localizer2d.dir/all] Error 2
make: *** [Makefile:141: all] Error 2
