[01m[K/home/lattinone/catkin_ws/robot_programming/src/icp_localization/src/localizer2d.cpp:[m[K In member function ‘[01m[Kvoid Localizer2D::getPrediction(Localizer2D::ContainerType&)[m[K’:
[01m[K/home/lattinone/catkin_ws/robot_programming/src/icp_localization/src/localizer2d.cpp:186:64:[m[K [01;31m[Kerror: [m[Kno match for ‘[01m[Koperator*[m[K’ (operand types are ‘[01m[KEigen::Transform<float, 2, 1>[m[K’ and ‘[01m[KLocalizer2D::PointType*[m[K’ {aka ‘[01m[KEigen::Matrix<float, 2, 1>*[m[K’})
  186 |        PointType transformed_point = [32m[K_laser_in_world.inverse()[m[K [01;31m[K*[m[K [34m[Kpoint[m[K;
      |                                      [32m[K~~~~~~~~~~~~~~~~~~~~~~~~~[m[K [01;31m[K^[m[K [34m[K~~~~~[m[K
      |                                                             [32m[K|[m[K    [34m[K|[m[K
      |                                                             [32m[K|[m[K    [34m[KLocalizer2D::PointType* {aka Eigen::Matrix<float, 2, 1>*}[m[K
      |                                                             [32m[KEigen::Transform<float, 2, 1>[m[K
In file included from [01m[K/usr/include/eigen3/Eigen/Geometry:44[m[K,
                 from [01m[K/usr/include/eigen3/Eigen/Dense:6[m[K,
                 from [01m[K/home/lattinone/catkin_ws/robot_programming/src/icp_localization/include/localizer2d.h:3[m[K,
                 from [01m[K/home/lattinone/catkin_ws/robot_programming/src/icp_localization/src/localizer2d.cpp:1[m[K:
[01m[K/usr/include/eigen3/Eigen/src/Geometry/Transform.h:441:3:[m[K [01;36m[Knote: [m[Kcandidate: ‘[01m[Ktemplate<class OtherDerived> const typename Eigen::internal::transform_right_product_impl<Eigen::Transform<Scalar, Dim, Mode, _Options>, OtherDerived>::ResultType Eigen::Transform<Scalar, Dim, Mode, _Options>::operator*(const Eigen::EigenBase<OtherDerived>&) const [with OtherDerived = OtherDerived; _Scalar = float; int _Dim = 2; int _Mode = 1; int _Options = 0][m[K’
  441 |   [01;36m[Koperator[m[K * (const EigenBase<OtherDerived> &other) const
      |   [01;36m[K^~~~~~~~[m[K
[01m[K/usr/include/eigen3/Eigen/src/Geometry/Transform.h:441:3:[m[K [01;36m[Knote: [m[K  template argument deduction/substitution failed:
[01m[K/home/lattinone/catkin_ws/robot_programming/src/icp_localization/src/localizer2d.cpp:186:66:[m[K [01;36m[Knote: [m[K  mismatched types ‘[01m[Kconst Eigen::EigenBase<Derived>[m[K’ and ‘[01m[KLocalizer2D::PointType*[m[K’ {aka ‘[01m[KEigen::Matrix<float, 2, 1>*[m[K’}
  186 |        PointType transformed_point = _laser_in_world.inverse() * [01;36m[Kpoint[m[K;
      |                                                                  [01;36m[K^~~~~[m[K
In file included from [01m[K/usr/include/eigen3/Eigen/Geometry:44[m[K,
                 from [01m[K/usr/include/eigen3/Eigen/Dense:6[m[K,
                 from [01m[K/home/lattinone/catkin_ws/robot_programming/src/icp_localization/include/localizer2d.h:3[m[K,
                 from [01m[K/home/lattinone/catkin_ws/robot_programming/src/icp_localization/src/localizer2d.cpp:1[m[K:
[01m[K/usr/include/eigen3/Eigen/src/Geometry/Transform.h:464:5:[m[K [01;36m[Knote: [m[Kcandidate: ‘[01m[Ktemplate<class DiagonalDerived> const TransformTimeDiagonalReturnType Eigen::Transform<Scalar, Dim, Mode, _Options>::operator*(const Eigen::DiagonalBase<DiagonalDerived>&) const [with DiagonalDerived = DiagonalDerived; _Scalar = float; int _Dim = 2; int _Mode = 1; int _Options = 0][m[K’
  464 |     [01;36m[Koperator[m[K * (const DiagonalBase<DiagonalDerived> &b) const
      |     [01;36m[K^~~~~~~~[m[K
[01m[K/usr/include/eigen3/Eigen/src/Geometry/Transform.h:464:5:[m[K [01;36m[Knote: [m[K  template argument deduction/substitution failed:
[01m[K/home/lattinone/catkin_ws/robot_programming/src/icp_localization/src/localizer2d.cpp:186:66:[m[K [01;36m[Knote: [m[K  mismatched types ‘[01m[Kconst Eigen::DiagonalBase<T>[m[K’ and ‘[01m[KLocalizer2D::PointType*[m[K’ {aka ‘[01m[KEigen::Matrix<float, 2, 1>*[m[K’}
  186 |        PointType transformed_point = _laser_in_world.inverse() * [01;36m[Kpoint[m[K;
      |                                                                  [01;36m[K^~~~~[m[K
In file included from [01m[K/usr/include/eigen3/Eigen/Geometry:44[m[K,
                 from [01m[K/usr/include/eigen3/Eigen/Dense:6[m[K,
                 from [01m[K/home/lattinone/catkin_ws/robot_programming/src/icp_localization/include/localizer2d.h:3[m[K,
                 from [01m[K/home/lattinone/catkin_ws/robot_programming/src/icp_localization/src/localizer2d.cpp:1[m[K:
[01m[K/usr/include/eigen3/Eigen/src/Geometry/Transform.h:493:44:[m[K [01;36m[Knote: [m[Kcandidate: ‘[01m[Kconst Eigen::Transform<Scalar, Dim, Mode, _Options> Eigen::Transform<Scalar, Dim, Mode, _Options>::operator*(const Eigen::Transform<Scalar, Dim, Mode, _Options>&) const [with _Scalar = float; int _Dim = 2; int _Mode = 1; int _Options = 0][m[K’
  493 |   EIGEN_DEVICE_FUNC inline const Transform [01;36m[Koperator[m[K * (const Transform& other) const
      |                                            [01;36m[K^~~~~~~~[m[K
[01m[K/usr/include/eigen3/Eigen/src/Geometry/Transform.h:493:73:[m[K [01;36m[Knote: [m[K  no known conversion for argument 1 from ‘[01m[KLocalizer2D::PointType*[m[K’ {aka ‘[01m[KEigen::Matrix<float, 2, 1>*[m[K’} to ‘[01m[Kconst Eigen::Transform<float, 2, 1>&[m[K’
  493 |   EIGEN_DEVICE_FUNC inline const Transform operator * ([01;36m[Kconst Transform& other[m[K) const
      |                                                        [01;36m[K~~~~~~~~~~~~~~~~~^~~~~[m[K
[01m[K/usr/include/eigen3/Eigen/src/Geometry/Transform.h:526:5:[m[K [01;36m[Knote: [m[Kcandidate: ‘[01m[Ktemplate<int OtherMode, int OtherOptions> typename Eigen::internal::transform_transform_product_impl<Eigen::Transform<Scalar, Dim, Mode, _Options>, Eigen::Transform<_Scalar, Dim, OtherMode, OtherOptions> >::ResultType Eigen::Transform<Scalar, Dim, Mode, _Options>::operator*(const Eigen::Transform<_Scalar, Dim, OtherMode, OtherOptions>&) const [with int OtherMode = OtherMode; int OtherOptions = OtherOptions; _Scalar = float; int _Dim = 2; int _Mode = 1; int _Options = 0][m[K’
  526 |     [01;36m[Koperator[m[K * (const Transform<Scalar,Dim,OtherMode,OtherOptions>& other) const
      |     [01;36m[K^~~~~~~~[m[K
[01m[K/usr/include/eigen3/Eigen/src/Geometry/Transform.h:526:5:[m[K [01;36m[Knote: [m[K  template argument deduction/substitution failed:
[01m[K/home/lattinone/catkin_ws/robot_programming/src/icp_localization/src/localizer2d.cpp:186:66:[m[K [01;36m[Knote: [m[K  mismatched types ‘[01m[Kconst Eigen::Transform<float, 2, OtherMode, OtherOptions>[m[K’ and ‘[01m[KLocalizer2D::PointType*[m[K’ {aka ‘[01m[KEigen::Matrix<float, 2, 1>*[m[K’}
  186 |        PointType transformed_point = _laser_in_world.inverse() * [01;36m[Kpoint[m[K;
      |                                                                  [01;36m[K^~~~~[m[K
In file included from [01m[K/usr/include/eigen3/Eigen/Geometry:44[m[K,
                 from [01m[K/usr/include/eigen3/Eigen/Dense:6[m[K,
                 from [01m[K/home/lattinone/catkin_ws/robot_programming/src/icp_localization/include/localizer2d.h:3[m[K,
                 from [01m[K/home/lattinone/catkin_ws/robot_programming/src/icp_localization/src/localizer2d.cpp:1[m[K:
[01m[K/usr/include/eigen3/Eigen/src/Geometry/Transform.h:1010:61:[m[K [01;36m[Knote: [m[Kcandidate: ‘[01m[KEigen::Transform<Scalar, Dim, Mode, Options> Eigen::Transform<Scalar, Dim, Mode, _Options>::operator*(const TranslationType&) const [with _Scalar = float; int _Dim = 2; int _Mode = 1; int _Options = 0; Eigen::Transform<Scalar, Dim, Mode, _Options>::TranslationType = Eigen::Translation<float, 2>][m[K’
 1010 | EIGEN_DEVICE_FUNC inline Transform<Scalar,Dim,Mode,Options> [01;36m[KTransform<Scalar,Dim,Mode,Options>[m[K::operator*(const TranslationType& t) const
      |                                                             [01;36m[K^~~~~~~~~~~~~~~~~~~~~~~~~~~~~~~~~~[m[K
[01m[K/usr/include/eigen3/Eigen/src/Geometry/Transform.h:1010:130:[m[K [01;36m[Knote: [m[K  no known conversion for argument 1 from ‘[01m[KLocalizer2D::PointType*[m[K’ {aka ‘[01m[KEigen::Matrix<float, 2, 1>*[m[K’} to ‘[01m[Kconst TranslationType&[m[K’ {aka ‘[01m[Kconst Eigen::Translation<float, 2>&[m[K’}
 1010 | EIGEN_DEVICE_FUNC inline Transform<Scalar,Dim,Mode,Options> Transform<Scalar,Dim,Mode,Options>::operator*([01;36m[Kconst TranslationType& t[m[K) const
      |                                                                                                           [01;36m[K~~~~~~~~~~~~~~~~~~~~~~~^[m[K
[01m[K/usr/include/eigen3/Eigen/src/Geometry/Transform.h:588:42:[m[K [01;36m[Knote: [m[Kcandidate: ‘[01m[KEigen::Transform<Scalar, Dim, Mode, _Options>::TransformTimeDiagonalReturnType Eigen::Transform<Scalar, Dim, Mode, _Options>::operator*(const Eigen::UniformScaling<_Scalar>&) const [with _Scalar = float; int _Dim = 2; int _Mode = 1; int _Options = 0; Eigen::Transform<Scalar, Dim, Mode, _Options>::TransformTimeDiagonalReturnType = Eigen::Transform<float, 2, 2>][m[K’
  588 |   inline TransformTimeDiagonalReturnType [01;36m[Koperator[m[K*(const UniformScaling<Scalar>& s) const
      |                                          [01;36m[K^~~~~~~~[m[K
[01m[K/usr/include/eigen3/Eigen/src/Geometry/Transform.h:588:82:[m[K [01;36m[Knote: [m[K  no known conversion for argument 1 from ‘[01m[KLocalizer2D::PointType*[m[K’ {aka ‘[01m[KEigen::Matrix<float, 2, 1>*[m[K’} to ‘[01m[Kconst Eigen::UniformScaling<float>&[m[K’
  588 |   inline TransformTimeDiagonalReturnType operator*([01;36m[Kconst UniformScaling<Scalar>& s[m[K) const
      |                                                    [01;36m[K~~~~~~~~~~~~~~~~~~~~~~~~~~~~~~^[m[K
[01m[K/usr/include/eigen3/Eigen/src/Geometry/Transform.h:603:38:[m[K [01;36m[Knote: [m[Kcandidate: ‘[01m[Ktemplate<class Derived> Eigen::Transform<Scalar, Dim, Mode, Options> Eigen::Transform<Scalar, Dim, Mode, _Options>::operator*(const Eigen::RotationBase<Derived, Dim>&) const [with Derived = Derived; _Scalar = float; int _Dim = 2; int _Mode = 1; int _Options = 0][m[K’
  603 |   EIGEN_DEVICE_FUNC inline Transform [01;36m[Koperator[m[K*(const RotationBase<Derived,Dim>& r) const;
      |                                      [01;36m[K^~~~~~~~[m[K
[01m[K/usr/include/eigen3/Eigen/src/Geometry/Transform.h:603:38:[m[K [01;36m[Knote: [m[K  template argument deduction/substitution failed:
[01m[K/home/lattinone/catkin_ws/robot_programming/src/icp_localization/src/localizer2d.cpp:186:66:[m[K [01;36m[Knote: [m[K  mismatched types ‘[01m[Kconst Eigen::RotationBase<Derived, 2>[m[K’ and ‘[01m[KLocalizer2D::PointType*[m[K’ {aka ‘[01m[KEigen::Matrix<float, 2, 1>*[m[K’}
  186 |        PointType transformed_point = _laser_in_world.inverse() * [01;36m[Kpoint[m[K;
      |                                                                  [01;36m[K^~~~~[m[K
In file included from [01m[K/usr/include/eigen3/Eigen/Core:487[m[K,
                 from [01m[K/usr/include/eigen3/Eigen/Dense:1[m[K,
                 from [01m[K/home/lattinone/catkin_ws/robot_programming/src/icp_localization/include/localizer2d.h:3[m[K,
                 from [01m[K/home/lattinone/catkin_ws/robot_programming/src/icp_localization/src/localizer2d.cpp:1[m[K:
[01m[K/usr/include/eigen3/Eigen/src/Core/PermutationMatrix.h:543:1:[m[K [01;36m[Knote: [m[Kcandidate: ‘[01m[Ktemplate<class MatrixDerived, class PermutationDerived> const Eigen::Product<MatrixDerived, PermutationDerived, 2> Eigen::operator*(const Eigen::MatrixBase<Derived>&, const Eigen::PermutationBase<PermutationDerived>&)[m[K’
  543 | [01;36m[Koperator[m[K*(const MatrixBase<MatrixDerived> &matrix,
      | [01;36m[K^~~~~~~~[m[K
[01m[K/usr/include/eigen3/Eigen/src/Core/PermutationMatrix.h:543:1:[m[K [01;36m[Knote: [m[K  template argument deduction/substitution failed:
[01m[K/home/lattinone/catkin_ws/robot_programming/src/icp_localization/src/localizer2d.cpp:186:66:[m[K [01;36m[Knote: [m[K  ‘[01m[KEigen::Transform<float, 2, 1>[m[K’ is not derived from ‘[01m[Kconst Eigen::MatrixBase<Derived>[m[K’
  186 |        PointType transformed_point = _laser_in_world.inverse() * [01;36m[Kpoint[m[K;
      |                                                                  [01;36m[K^~~~~[m[K
In file included from [01m[K/usr/include/eigen3/Eigen/Core:487[m[K,
                 from [01m[K/usr/include/eigen3/Eigen/Dense:1[m[K,
                 from [01m[K/home/lattinone/catkin_ws/robot_programming/src/icp_localization/include/localizer2d.h:3[m[K,
                 from [01m[K/home/lattinone/catkin_ws/robot_programming/src/icp_localization/src/localizer2d.cpp:1[m[K:
[01m[K/usr/include/eigen3/Eigen/src/Core/PermutationMatrix.h:555:1:[m[K [01;36m[Knote: [m[Kcandidate: ‘[01m[Ktemplate<class PermutationDerived, class MatrixDerived> const Eigen::Product<MatrixDerived, PermutationDerived, 2> Eigen::operator*(const Eigen::PermutationBase<PermutationDerived>&, const Eigen::MatrixBase<U>&)[m[K’
  555 | [01;36m[Koperator[m[K*(const PermutationBase<PermutationDerived> &permutation,
      | [01;36m[K^~~~~~~~[m[K
[01m[K/usr/include/eigen3/Eigen/src/Core/PermutationMatrix.h:555:1:[m[K [01;36m[Knote: [m[K  template argument deduction/substitution failed:
[01m[K/home/lattinone/catkin_ws/robot_programming/src/icp_localization/src/localizer2d.cpp:186:66:[m[K [01;36m[Knote: [m[K  ‘[01m[KEigen::Transform<float, 2, 1>[m[K’ is not derived from ‘[01m[Kconst Eigen::PermutationBase<PermutationDerived>[m[K’
  186 |        PointType transformed_point = _laser_in_world.inverse() * [01;36m[Kpoint[m[K;
      |                                                                  [01;36m[K^~~~~[m[K
In file included from [01m[K/usr/include/eigen3/Eigen/Core:488[m[K,
                 from [01m[K/usr/include/eigen3/Eigen/Dense:1[m[K,
                 from [01m[K/home/lattinone/catkin_ws/robot_programming/src/icp_localization/include/localizer2d.h:3[m[K,
                 from [01m[K/home/lattinone/catkin_ws/robot_programming/src/icp_localization/src/localizer2d.cpp:1[m[K:
[01m[K/usr/include/eigen3/Eigen/src/Core/Transpositions.h:338:1:[m[K [01;36m[Knote: [m[Kcandidate: ‘[01m[Ktemplate<class MatrixDerived, class TranspositionsDerived> const Eigen::Product<MatrixDerived, PermutationDerived, 2> Eigen::operator*(const Eigen::MatrixBase<Derived>&, const Eigen::TranspositionsBase<TranspositionsDerived>&)[m[K’
  338 | [01;36m[Koperator[m[K*(const MatrixBase<MatrixDerived> &matrix,
      | [01;36m[K^~~~~~~~[m[K
[01m[K/usr/include/eigen3/Eigen/src/Core/Transpositions.h:338:1:[m[K [01;36m[Knote: [m[K  template argument deduction/substitution failed:
[01m[K/home/lattinone/catkin_ws/robot_programming/src/icp_localization/src/localizer2d.cpp:186:66:[m[K [01;36m[Knote: [m[K  ‘[01m[KEigen::Transform<float, 2, 1>[m[K’ is not derived from ‘[01m[Kconst Eigen::MatrixBase<Derived>[m[K’
  186 |        PointType transformed_point = _laser_in_world.inverse() * [01;36m[Kpoint[m[K;
      |                                                                  [01;36m[K^~~~~[m[K
In file included from [01m[K/usr/include/eigen3/Eigen/Core:488[m[K,
                 from [01m[K/usr/include/eigen3/Eigen/Dense:1[m[K,
                 from [01m[K/home/lattinone/catkin_ws/robot_programming/src/icp_localization/include/localizer2d.h:3[m[K,
                 from [01m[K/home/lattinone/catkin_ws/robot_programming/src/icp_localization/src/localizer2d.cpp:1[m[K:
[01m[K/usr/include/eigen3/Eigen/src/Core/Transpositions.h:350:1:[m[K [01;36m[Knote: [m[Kcandidate: ‘[01m[Ktemplate<class TranspositionsDerived, class MatrixDerived> const Eigen::Product<MatrixDerived, PermutationDerived, 2> Eigen::operator*(const Eigen::TranspositionsBase<TranspositionsDerived>&, const Eigen::MatrixBase<U>&)[m[K’
  350 | [01;36m[Koperator[m[K*(const TranspositionsBase<TranspositionsDerived> &transpositions,
      | [01;36m[K^~~~~~~~[m[K
[01m[K/usr/include/eigen3/Eigen/src/Core/Transpositions.h:350:1:[m[K [01;36m[Knote: [m[K  template argument deduction/substitution failed:
[01m[K/home/lattinone/catkin_ws/robot_programming/src/icp_localization/src/localizer2d.cpp:186:66:[m[K [01;36m[Knote: [m[K  ‘[01m[KEigen::Transform<float, 2, 1>[m[K’ is not derived from ‘[01m[Kconst Eigen::TranspositionsBase<TranspositionsDerived>[m[K’
  186 |        PointType transformed_point = _laser_in_world.inverse() * [01;36m[Kpoint[m[K;
      |                                                                  [01;36m[K^~~~~[m[K
In file included from [01m[K/usr/include/eigen3/Eigen/Householder:24[m[K,
                 from [01m[K/usr/include/eigen3/Eigen/QR:17[m[K,
                 from [01m[K/usr/include/eigen3/Eigen/Dense:4[m[K,
                 from [01m[K/home/lattinone/catkin_ws/robot_programming/src/icp_localization/include/localizer2d.h:3[m[K,
                 from [01m[K/home/lattinone/catkin_ws/robot_programming/src/icp_localization/src/localizer2d.cpp:1[m[K:
[01m[K/usr/include/eigen3/Eigen/src/Householder/HouseholderSequence.h:438:99:[m[K [01;36m[Knote: [m[Kcandidate: ‘[01m[Ktemplate<class OtherDerived, class VectorsType, class CoeffsType, int Side> typename Eigen::internal::matrix_type_times_scalar_type<typename VectorsType::Scalar, OtherDerived>::Type Eigen::operator*(const Eigen::MatrixBase<Derived>&, const Eigen::HouseholderSequence<VectorsType, CoeffsType, Side>&)[m[K’
  438 | typename internal::matrix_type_times_scalar_type<typename VectorsType::Scalar,OtherDerived>::Type [01;36m[Koperator[m[K*(const MatrixBase<OtherDerived>& other, const HouseholderSequence<VectorsType,CoeffsType,Side>& h)
      |                                                                                                   [01;36m[K^~~~~~~~[m[K
[01m[K/usr/include/eigen3/Eigen/src/Householder/HouseholderSequence.h:438:99:[m[K [01;36m[Knote: [m[K  template argument deduction/substitution failed:
[01m[K/home/lattinone/catkin_ws/robot_programming/src/icp_localization/src/localizer2d.cpp:186:66:[m[K [01;36m[Knote: [m[K  ‘[01m[KEigen::Transform<float, 2, 1>[m[K’ is not derived from ‘[01m[Kconst Eigen::MatrixBase<Derived>[m[K’
  186 |        PointType transformed_point = _laser_in_world.inverse() * [01;36m[Kpoint[m[K;
      |                                                                  [01;36m[K^~~~~[m[K
In file included from [01m[K/usr/include/eigen3/Eigen/Geometry:46[m[K,
                 from [01m[K/usr/include/eigen3/Eigen/Dense:6[m[K,
                 from [01m[K/home/lattinone/catkin_ws/robot_programming/src/icp_localization/include/localizer2d.h:3[m[K,
                 from [01m[K/home/lattinone/catkin_ws/robot_programming/src/icp_localization/src/localizer2d.cpp:1[m[K:
[01m[K/usr/include/eigen3/Eigen/src/Geometry/Scaling.h:117:1:[m[K [01;36m[Knote: [m[Kcandidate: ‘[01m[Ktemplate<class Derived, class Scalar> Eigen::CwiseBinaryOp<Eigen::internal::scalar_product_op<typename Eigen::internal::traits<T>::Scalar, Scalar>, const Derived, const typename Eigen::internal::plain_constant_type<Expr, Scalar>::type> Eigen::operator*(const Eigen::MatrixBase<Derived>&, const Eigen::UniformScaling<Scalar>&)[m[K’
  117 | [01;36m[Koperator[m[K*(const MatrixBase<Derived>& matrix, const UniformScaling<Scalar>& s)
      | [01;36m[K^~~~~~~~[m[K
[01m[K/usr/include/eigen3/Eigen/src/Geometry/Scaling.h:117:1:[m[K [01;36m[Knote: [m[K  template argument deduction/substitution failed:
[01m[K/home/lattinone/catkin_ws/robot_programming/src/icp_localization/src/localizer2d.cpp:186:66:[m[K [01;36m[Knote: [m[K  ‘[01m[KEigen::Transform<float, 2, 1>[m[K’ is not derived from ‘[01m[Kconst Eigen::MatrixBase<Derived>[m[K’
  186 |        PointType transformed_point = _laser_in_world.inverse() * [01;36m[Kpoint[m[K;
      |                                                                  [01;36m[K^~~~~[m[K
In file included from [01m[K/usr/include/eigen3/Eigen/Core:88[m[K,
                 from [01m[K/usr/include/eigen3/Eigen/Dense:1[m[K,
                 from [01m[K/home/lattinone/catkin_ws/robot_programming/src/icp_localization/include/localizer2d.h:3[m[K,
                 from [01m[K/home/lattinone/catkin_ws/robot_programming/src/icp_localization/src/localizer2d.cpp:1[m[K:
[01m[K/usr/include/eigen3/Eigen/src/plugins/CommonCwiseBinaryOps.h:50:1:[m[K [01;36m[Knote: [m[Kcandidate: ‘[01m[Ktemplate<class T> typename Eigen::internal::enable_if<true, const Eigen::CwiseBinaryOp<Eigen::internal::scalar_product_op<typename Eigen::internal::promote_scalar_arg<float, T, Eigen::internal::has_ReturnType<Eigen::ScalarBinaryOpTraits<T, float, Eigen::internal::scalar_product_op<T, float> > >::value>::type, float>, const typename Eigen::internal::plain_constant_type<Eigen::Matrix<float, 2, 1>, typename Eigen::internal::promote_scalar_arg<float, T, Eigen::internal::has_ReturnType<Eigen::ScalarBinaryOpTraits<T, float, Eigen::internal::scalar_product_op<T, float> > >::value>::type>::type, const Eigen::Matrix<float, 2, 1> > >::type Eigen::operator*(const T&, const StorageBaseType&)[m[K’
   50 | [01;36m[KEIGEN_MAKE_SCALAR_BINARY_OP[m[K(operator*,product)
      | [01;36m[K^~~~~~~~~~~~~~~~~~~~~~~~~~~[m[K
[01m[K/usr/include/eigen3/Eigen/src/plugins/CommonCwiseBinaryOps.h:50:1:[m[K [01;36m[Knote: [m[K  template argument deduction/substitution failed:
[01m[K/home/lattinone/catkin_ws/robot_programming/src/icp_localization/src/localizer2d.cpp:186:66:[m[K [01;36m[Knote: [m[K  cannot convert ‘[01m[Kpoint[m[K’ (type ‘[01m[KLocalizer2D::PointType*[m[K’ {aka ‘[01m[KEigen::Matrix<float, 2, 1>*[m[K’}) to type ‘[01m[Kconst StorageBaseType&[m[K’ {aka ‘[01m[Kconst Eigen::MatrixBase<Eigen::Matrix<float, 2, 1> >&[m[K’}
  186 |        PointType transformed_point = _laser_in_world.inverse() * [01;36m[Kpoint[m[K;
      |                                                                  [01;36m[K^~~~~[m[K
In file included from [01m[K/usr/include/eigen3/Eigen/Geometry:44[m[K,
                 from [01m[K/usr/include/eigen3/Eigen/Dense:6[m[K,
                 from [01m[K/home/lattinone/catkin_ws/robot_programming/src/icp_localization/include/localizer2d.h:3[m[K,
                 from [01m[K/home/lattinone/catkin_ws/robot_programming/src/icp_localization/src/localizer2d.cpp:1[m[K:
[01m[K/usr/include/eigen3/Eigen/src/Geometry/Transform.h:479:5:[m[K [01;36m[Knote: [m[Kcandidate: ‘[01m[Ktemplate<class DiagonalDerived> Eigen::Transform<float, 2, 1>::TransformTimeDiagonalReturnType Eigen::operator*(const Eigen::DiagonalBase<T>&, const Eigen::Transform<float, 2, 1>&)[m[K’
  479 |     [01;36m[Koperator[m[K * (const DiagonalBase<DiagonalDerived> &a, const Transform &b)
      |     [01;36m[K^~~~~~~~[m[K
[01m[K/usr/include/eigen3/Eigen/src/Geometry/Transform.h:479:5:[m[K [01;36m[Knote: [m[K  template argument deduction/substitution failed:
[01m[K/home/lattinone/catkin_ws/robot_programming/src/icp_localization/src/localizer2d.cpp:186:66:[m[K [01;36m[Knote: [m[K  ‘[01m[KEigen::Transform<float, 2, 1>[m[K’ is not derived from ‘[01m[Kconst Eigen::DiagonalBase<T>[m[K’
  186 |        PointType transformed_point = _laser_in_world.inverse() * [01;36m[Kpoint[m[K;
      |                                                                  [01;36m[K^~~~~[m[K
In file included from [01m[K/usr/include/eigen3/Eigen/Geometry:44[m[K,
                 from [01m[K/usr/include/eigen3/Eigen/Dense:6[m[K,
                 from [01m[K/home/lattinone/catkin_ws/robot_programming/src/icp_localization/include/localizer2d.h:3[m[K,
                 from [01m[K/home/lattinone/catkin_ws/robot_programming/src/icp_localization/src/localizer2d.cpp:1[m[K:
[01m[K/usr/include/eigen3/Eigen/src/Geometry/Transform.h:453:5:[m[K [01;36m[Knote: [m[Kcandidate: ‘[01m[Ktemplate<class OtherDerived> const typename Eigen::internal::transform_left_product_impl<OtherDerived, 1, 0, 2, 3, OtherDerived::RowsAtCompileTime, OtherDerived::ColsAtCompileTime>::ResultType Eigen::operator*(const Eigen::EigenBase<Derived>&, const Eigen::Transform<float, 2, 1>&)[m[K’
  453 |     [01;36m[Koperator[m[K * (const EigenBase<OtherDerived> &a, const Transform &b)
      |     [01;36m[K^~~~~~~~[m[K
[01m[K/usr/include/eigen3/Eigen/src/Geometry/Transform.h:453:5:[m[K [01;36m[Knote: [m[K  template argument deduction/substitution failed:
[01m[K/home/lattinone/catkin_ws/robot_programming/src/icp_localization/src/localizer2d.cpp:186:66:[m[K [01;36m[Knote: [m[K  ‘[01m[KEigen::Transform<float, 2, 1>[m[K’ is not derived from ‘[01m[Kconst Eigen::EigenBase<Derived>[m[K’
  186 |        PointType transformed_point = _laser_in_world.inverse() * [01;36m[Kpoint[m[K;
      |                                                                  [01;36m[K^~~~~[m[K
[01m[K/home/lattinone/catkin_ws/robot_programming/src/icp_localization/src/localizer2d.cpp:193:22:[m[K [01;31m[Kerror: [m[K‘[01m[Krange_min_[m[K’ was not declared in this scope; did you mean ‘[01m[K_range_min[m[K’?
  193 |         if (range >= [01;31m[Krange_min_[m[K && range <= range_max_ &&
      |                      [01;31m[K^~~~~~~~~~[m[K
      |                      [32m[K_range_min[m[K
[01m[K/home/lattinone/catkin_ws/robot_programming/src/icp_localization/src/localizer2d.cpp:193:45:[m[K [01;31m[Kerror: [m[K‘[01m[Krange_max_[m[K’ was not declared in this scope; did you mean ‘[01m[K_range_max[m[K’?
  193 |         if (range >= range_min_ && range <= [01;31m[Krange_max_[m[K &&
      |                                             [01;31m[K^~~~~~~~~~[m[K
      |                                             [32m[K_range_max[m[K
[01m[K/home/lattinone/catkin_ws/robot_programming/src/icp_localization/src/localizer2d.cpp:194:22:[m[K [01;31m[Kerror: [m[K‘[01m[Kangle_min_[m[K’ was not declared in this scope; did you mean ‘[01m[K_angle_min[m[K’?
  194 |             angle >= [01;31m[Kangle_min_[m[K && angle <= angle_max_) {
      |                      [01;31m[K^~~~~~~~~~[m[K
      |                      [32m[K_angle_min[m[K
[01m[K/home/lattinone/catkin_ws/robot_programming/src/icp_localization/src/localizer2d.cpp:194:45:[m[K [01;31m[Kerror: [m[K‘[01m[Kangle_max_[m[K’ was not declared in this scope; did you mean ‘[01m[K_angle_max[m[K’?
  194 |             angle >= angle_min_ && angle <= [01;31m[Kangle_max_[m[K) {
      |                                             [01;31m[K^~~~~~~~~~[m[K
      |                                             [32m[K_angle_max[m[K
[01m[K/home/lattinone/catkin_ws/robot_programming/src/icp_localization/src/localizer2d.cpp:195:40:[m[K [01;31m[Kerror: [m[Kno matching function for call to ‘[01m[Kstd::vector<Eigen::Matrix<float, 2, 1>, Eigen::aligned_allocator<Eigen::Matrix<float, 2, 1> > >::push_back(Localizer2D::PointType*&)[m[K’
  195 |             prediction_.push_back(point[01;31m[K)[m[K;
      |                                        [01;31m[K^[m[K
In file included from [01m[K/usr/include/c++/9/vector:67[m[K,
                 from [01m[K/usr/include/c++/9/functional:62[m[K,
                 from [01m[K/usr/include/eigen3/Eigen/Core:281[m[K,
                 from [01m[K/usr/include/eigen3/Eigen/Dense:1[m[K,
                 from [01m[K/home/lattinone/catkin_ws/robot_programming/src/icp_localization/include/localizer2d.h:3[m[K,
                 from [01m[K/home/lattinone/catkin_ws/robot_programming/src/icp_localization/src/localizer2d.cpp:1[m[K:
[01m[K/usr/include/c++/9/bits/stl_vector.h:1184:7:[m[K [01;36m[Knote: [m[Kcandidate: ‘[01m[Kvoid std::vector<_Tp, _Alloc>::push_back(const value_type&) [with _Tp = Eigen::Matrix<float, 2, 1>; _Alloc = Eigen::aligned_allocator<Eigen::Matrix<float, 2, 1> >; std::vector<_Tp, _Alloc>::value_type = Eigen::Matrix<float, 2, 1>][m[K’
 1184 |       [01;36m[Kpush_back[m[K(const value_type& __x)
      |       [01;36m[K^~~~~~~~~[m[K
[01m[K/usr/include/c++/9/bits/stl_vector.h:1184:35:[m[K [01;36m[Knote: [m[K  no known conversion for argument 1 from ‘[01m[KLocalizer2D::PointType*[m[K’ {aka ‘[01m[KEigen::Matrix<float, 2, 1>*[m[K’} to ‘[01m[Kconst value_type&[m[K’ {aka ‘[01m[Kconst Eigen::Matrix<float, 2, 1>&[m[K’}
 1184 |       push_back([01;36m[Kconst value_type& __x[m[K)
      |                 [01;36m[K~~~~~~~~~~~~~~~~~~^~~[m[K
[01m[K/usr/include/c++/9/bits/stl_vector.h:1200:7:[m[K [01;36m[Knote: [m[Kcandidate: ‘[01m[Kvoid std::vector<_Tp, _Alloc>::push_back(std::vector<_Tp, _Alloc>::value_type&&) [with _Tp = Eigen::Matrix<float, 2, 1>; _Alloc = Eigen::aligned_allocator<Eigen::Matrix<float, 2, 1> >; std::vector<_Tp, _Alloc>::value_type = Eigen::Matrix<float, 2, 1>][m[K’
 1200 |       [01;36m[Kpush_back[m[K(value_type&& __x)
      |       [01;36m[K^~~~~~~~~[m[K
[01m[K/usr/include/c++/9/bits/stl_vector.h:1200:30:[m[K [01;36m[Knote: [m[K  no known conversion for argument 1 from ‘[01m[KLocalizer2D::PointType*[m[K’ {aka ‘[01m[KEigen::Matrix<float, 2, 1>*[m[K’} to ‘[01m[Kstd::vector<Eigen::Matrix<float, 2, 1>, Eigen::aligned_allocator<Eigen::Matrix<float, 2, 1> > >::value_type&&[m[K’ {aka ‘[01m[KEigen::Matrix<float, 2, 1>&&[m[K’}
 1200 |       push_back([01;36m[Kvalue_type&& __x[m[K)
      |                 [01;36m[K~~~~~~~~~~~~~^~~[m[K
[01m[K/home/lattinone/catkin_ws/robot_programming/src/icp_localization/src/localizer2d.cpp:200:5:[m[K [01;31m[Kerror: [m[Kexpected ‘[01m[K}[m[K’ before ‘[01m[Kelse[m[K’
  200 |   } [01;31m[Kelse[m[K {
      |     [01;31m[K^~~~[m[K
[01m[K/home/lattinone/catkin_ws/robot_programming/src/icp_localization/src/localizer2d.cpp:178:23:[m[K [01;36m[Knote: [m[Kto match this ‘[01m[K{[m[K’
  178 |   if (_obst_tree_ptr) [01;36m[K{[m[K
      |                       [01;36m[K^[m[K
make[2]: *** [CMakeFiles/localizer2d.dir/build.make:63: CMakeFiles/localizer2d.dir/src/localizer2d.cpp.o] Error 1
make[1]: *** [CMakeFiles/Makefile2:412: CMakeFiles/localizer2d.dir/all] Error 2
make: *** [Makefile:141: all] Error 2
