[ 22%] Built target icp
[ 44%] Built target map
[35m[1mScanning dependencies of target localizer2d[0m
[ 55%] [32mBuilding CXX object CMakeFiles/localizer2d.dir/src/localizer2d.cpp.o[0m
In file included from [01m[K/opt/ros/noetic/include/ros/ros.h:40[m[K,
                 from [01m[K/home/lattinone/catkin_ws/robot_programming/src/icp_localization/src/localizer2d.cpp:7[m[K:
[01m[K/home/lattinone/catkin_ws/robot_programming/src/icp_localization/src/localizer2d.cpp:[m[K In member function ‘[01m[Kvoid Localizer2D::process(const ContainerType&)[m[K’:
[01m[K/home/lattinone/catkin_ws/robot_programming/src/icp_localization/src/localizer2d.cpp:118:11:[m[K [01;35m[Kwarning: [m[Kformat ‘[01m[K%f[m[K’ expects argument of type ‘[01m[Kdouble[m[K’, but argument 10 has type ‘[01m[Kconst LinearMatrixType[m[K’ {aka ‘[01m[Kconst Eigen::Matrix<float, 2, 2>[m[K’} [[01;35m[K-Wformat=[m[K]
  118 |  ROS_INFO([01;35m[K"Scan1 pos=(%f, %f,%f)]"[m[K, _laser_in_world.translation().x(), _laser_in_world.translation().y(),[32m[K_laser_in_world.rotation()[m[K);
      |           [01;35m[K^~~~~~~~~~~~~~~~~~~~~~~~[m[K                                                                       [32m[K~~~~~~~~~~~~~~~~~~~~~~~~~~[m[K
      |                                                                                                                                  [32m[K|[m[K
      |                                                                                                                                  [32m[Kconst LinearMatrixType {aka const Eigen::Matrix<float, 2, 2>}[m[K
[01m[K/opt/ros/noetic/include/ros/console.h:351:165:[m[K [01;36m[Knote: [m[Kin definition of macro ‘[01m[KROSCONSOLE_PRINT_AT_LOCATION_WITH_FILTER[m[K’
  351 |     ::ros::console::print(filter, __rosconsole_define_location__loc.logger_, __rosconsole_define_location__loc.level_, __FILE__, __LINE__, __ROSCONSOLE_FUNCTION__, [01;36m[K__VA_ARGS__[m[K)
      |                                                                                                                                                                     [01;36m[K^~~~~~~~~~~[m[K
[01m[K/opt/ros/noetic/include/ros/console.h:390:7:[m[K [01;36m[Knote: [m[Kin expansion of macro ‘[01m[KROSCONSOLE_PRINT_AT_LOCATION[m[K’
  390 |       [01;36m[KROSCONSOLE_PRINT_AT_LOCATION[m[K(__VA_ARGS__); \
      |       [01;36m[K^~~~~~~~~~~~~~~~~~~~~~~~~~~~[m[K
[01m[K/opt/ros/noetic/include/ros/console.h:575:35:[m[K [01;36m[Knote: [m[Kin expansion of macro ‘[01m[KROS_LOG_COND[m[K’
  575 | #define ROS_LOG(level, name, ...) [01;36m[KROS_LOG_COND[m[K(true, level, name, __VA_ARGS__)
      |                                   [01;36m[K^~~~~~~~~~~~[m[K
[01m[K/opt/ros/noetic/include/rosconsole/macros_generated.h:110:23:[m[K [01;36m[Knote: [m[Kin expansion of macro ‘[01m[KROS_LOG[m[K’
  110 | #define ROS_INFO(...) [01;36m[KROS_LOG[m[K(::ros::console::levels::Info, ROSCONSOLE_DEFAULT_NAME, __VA_ARGS__)
      |                       [01;36m[K^~~~~~~[m[K
[01m[K/home/lattinone/catkin_ws/robot_programming/src/icp_localization/src/localizer2d.cpp:118:2:[m[K [01;36m[Knote: [m[Kin expansion of macro ‘[01m[KROS_INFO[m[K’
  118 |  [01;36m[KROS_INFO[m[K("Scan1 pos=(%f, %f,%f)]", _laser_in_world.translation().x(), _laser_in_world.translation().y(),_laser_in_world.rotation());
      |  [01;36m[K^~~~~~~~[m[K
[01m[K/home/lattinone/catkin_ws/robot_programming/src/icp_localization/src/localizer2d.cpp:118:31:[m[K [01;36m[Knote: [m[Kformat string is defined here
  118 |  ROS_INFO("Scan1 pos=(%f, %f,[01;36m[K%f[m[K)]", _laser_in_world.translation().x(), _laser_in_world.translation().y(),_laser_in_world.rotation());
      |                              [01;36m[K~^[m[K
      |                               [01;36m[K|[m[K
      |                               [01;36m[Kdouble[m[K
In file included from [01m[K/opt/ros/noetic/include/ros/ros.h:40[m[K,
                 from [01m[K/home/lattinone/catkin_ws/robot_programming/src/icp_localization/src/localizer2d.cpp:7[m[K:
[01m[K/home/lattinone/catkin_ws/robot_programming/src/icp_localization/src/localizer2d.cpp:124:123:[m[K [01;31m[Kerror: [m[Kno match for call to ‘[01m[K(Eigen::Isometry2f {aka Eigen::Transform<float, 2, 1>}) ()[m[K’
  124 |     ROS_INFO("Scan2 pos=(%f, %f,)]", _laser_in_world.translation().x(), _laser_in_world.translation().y(),_laser_in_world([01;31m[K)[m[K);
      |                                                                                                                           [01;31m[K^[m[K
[01m[K/opt/ros/noetic/include/ros/console.h:351:165:[m[K [01;36m[Knote: [m[Kin definition of macro ‘[01m[KROSCONSOLE_PRINT_AT_LOCATION_WITH_FILTER[m[K’
  351 |     ::ros::console::print(filter, __rosconsole_define_location__loc.logger_, __rosconsole_define_location__loc.level_, __FILE__, __LINE__, __ROSCONSOLE_FUNCTION__, [01;36m[K__VA_ARGS__[m[K)
      |                                                                                                                                                                     [01;36m[K^~~~~~~~~~~[m[K
[01m[K/opt/ros/noetic/include/ros/console.h:390:7:[m[K [01;36m[Knote: [m[Kin expansion of macro ‘[01m[KROSCONSOLE_PRINT_AT_LOCATION[m[K’
  390 |       [01;36m[KROSCONSOLE_PRINT_AT_LOCATION[m[K(__VA_ARGS__); \
      |       [01;36m[K^~~~~~~~~~~~~~~~~~~~~~~~~~~~[m[K
[01m[K/opt/ros/noetic/include/ros/console.h:575:35:[m[K [01;36m[Knote: [m[Kin expansion of macro ‘[01m[KROS_LOG_COND[m[K’
  575 | #define ROS_LOG(level, name, ...) [01;36m[KROS_LOG_COND[m[K(true, level, name, __VA_ARGS__)
      |                                   [01;36m[K^~~~~~~~~~~~[m[K
[01m[K/opt/ros/noetic/include/rosconsole/macros_generated.h:110:23:[m[K [01;36m[Knote: [m[Kin expansion of macro ‘[01m[KROS_LOG[m[K’
  110 | #define ROS_INFO(...) [01;36m[KROS_LOG[m[K(::ros::console::levels::Info, ROSCONSOLE_DEFAULT_NAME, __VA_ARGS__)
      |                       [01;36m[K^~~~~~~[m[K
[01m[K/home/lattinone/catkin_ws/robot_programming/src/icp_localization/src/localizer2d.cpp:124:5:[m[K [01;36m[Knote: [m[Kin expansion of macro ‘[01m[KROS_INFO[m[K’
  124 |     [01;36m[KROS_INFO[m[K("Scan2 pos=(%f, %f,)]", _laser_in_world.translation().x(), _laser_in_world.translation().y(),_laser_in_world());
      |     [01;36m[K^~~~~~~~[m[K
In file included from [01m[K/usr/include/eigen3/Eigen/Geometry:44[m[K,
                 from [01m[K/usr/include/eigen3/Eigen/Dense:6[m[K,
                 from [01m[K/home/lattinone/catkin_ws/robot_programming/src/icp_localization/include/localizer2d.h:3[m[K,
                 from [01m[K/home/lattinone/catkin_ws/robot_programming/src/icp_localization/src/localizer2d.cpp:1[m[K:
[01m[K/usr/include/eigen3/Eigen/src/Geometry/Transform.h:389:35:[m[K [01;36m[Knote: [m[Kcandidate: ‘[01m[KEigen::Transform<Scalar, Dim, Mode, _Options>::Scalar Eigen::Transform<Scalar, Dim, Mode, _Options>::operator()(Eigen::Transform<Scalar, Dim, Mode, _Options>::Index, Eigen::Transform<Scalar, Dim, Mode, _Options>::Index) const [with _Scalar = float; int _Dim = 2; int _Mode = 1; int _Options = 0; Eigen::Transform<Scalar, Dim, Mode, _Options>::Scalar = float; Eigen::Transform<Scalar, Dim, Mode, _Options>::Index = long int][m[K’
  389 |   EIGEN_DEVICE_FUNC inline Scalar [01;36m[Koperator[m[K() (Index row, Index col) const { return m_matrix(row,col); }
      |                                   [01;36m[K^~~~~~~~[m[K
[01m[K/usr/include/eigen3/Eigen/src/Geometry/Transform.h:389:35:[m[K [01;36m[Knote: [m[K  candidate expects 2 arguments, 0 provided
[01m[K/usr/include/eigen3/Eigen/src/Geometry/Transform.h:392:36:[m[K [01;36m[Knote: [m[Kcandidate: ‘[01m[KEigen::Transform<Scalar, Dim, Mode, _Options>::Scalar& Eigen::Transform<Scalar, Dim, Mode, _Options>::operator()(Eigen::Transform<Scalar, Dim, Mode, _Options>::Index, Eigen::Transform<Scalar, Dim, Mode, _Options>::Index) [with _Scalar = float; int _Dim = 2; int _Mode = 1; int _Options = 0; Eigen::Transform<Scalar, Dim, Mode, _Options>::Scalar = float; Eigen::Transform<Scalar, Dim, Mode, _Options>::Index = long int][m[K’
  392 |   EIGEN_DEVICE_FUNC inline Scalar& [01;36m[Koperator[m[K() (Index row, Index col) { return m_matrix(row,col); }
      |                                    [01;36m[K^~~~~~~~[m[K
[01m[K/usr/include/eigen3/Eigen/src/Geometry/Transform.h:392:36:[m[K [01;36m[Knote: [m[K  candidate expects 2 arguments, 0 provided
In file included from [01m[K/opt/ros/noetic/include/ros/ros.h:40[m[K,
                 from [01m[K/home/lattinone/catkin_ws/robot_programming/src/icp_localization/src/localizer2d.cpp:7[m[K:
[01m[K/home/lattinone/catkin_ws/robot_programming/src/icp_localization/src/localizer2d.cpp:131:14:[m[K [01;35m[Kwarning: [m[Kformat ‘[01m[K%f[m[K’ expects argument of type ‘[01m[Kdouble[m[K’, but argument 10 has type ‘[01m[Kstd::vector<Eigen::Matrix<float, 2, 1>, Eigen::aligned_allocator<Eigen::Matrix<float, 2, 1> > >::size_type[m[K’ {aka ‘[01m[Klong unsigned int[m[K’} [[01;35m[K-Wformat=[m[K]
  131 |     ROS_INFO([01;35m[K"Scan [predictionPoints:%ld,points:%ld,chi:%f,pos=(%f, %f)]"[m[K,prediction_normal.size(),prediction_.size(), [32m[Kscan_.size()[m[K, icp.chi(),
      |              [01;35m[K^~~~~~~~~~~~~~~~~~~~~~~~~~~~~~~~~~~~~~~~~~~~~~~~~~~~~~~~~~~~[m[K                                              [32m[K~~~~~~~~~~~~[m[K
      |                                                                                                                                  [32m[K|[m[K
      |                                                                                                                                  [32m[Kstd::vector<Eigen::Matrix<float, 2, 1>, Eigen::aligned_allocator<Eigen::Matrix<float, 2, 1> > >::size_type {aka long unsigned int}[m[K
[01m[K/opt/ros/noetic/include/ros/console.h:351:165:[m[K [01;36m[Knote: [m[Kin definition of macro ‘[01m[KROSCONSOLE_PRINT_AT_LOCATION_WITH_FILTER[m[K’
  351 |     ::ros::console::print(filter, __rosconsole_define_location__loc.logger_, __rosconsole_define_location__loc.level_, __FILE__, __LINE__, __ROSCONSOLE_FUNCTION__, [01;36m[K__VA_ARGS__[m[K)
      |                                                                                                                                                                     [01;36m[K^~~~~~~~~~~[m[K
[01m[K/opt/ros/noetic/include/ros/console.h:390:7:[m[K [01;36m[Knote: [m[Kin expansion of macro ‘[01m[KROSCONSOLE_PRINT_AT_LOCATION[m[K’
  390 |       [01;36m[KROSCONSOLE_PRINT_AT_LOCATION[m[K(__VA_ARGS__); \
      |       [01;36m[K^~~~~~~~~~~~~~~~~~~~~~~~~~~~[m[K
[01m[K/opt/ros/noetic/include/ros/console.h:575:35:[m[K [01;36m[Knote: [m[Kin expansion of macro ‘[01m[KROS_LOG_COND[m[K’
  575 | #define ROS_LOG(level, name, ...) [01;36m[KROS_LOG_COND[m[K(true, level, name, __VA_ARGS__)
      |                                   [01;36m[K^~~~~~~~~~~~[m[K
[01m[K/opt/ros/noetic/include/rosconsole/macros_generated.h:110:23:[m[K [01;36m[Knote: [m[Kin expansion of macro ‘[01m[KROS_LOG[m[K’
  110 | #define ROS_INFO(...) [01;36m[KROS_LOG[m[K(::ros::console::levels::Info, ROSCONSOLE_DEFAULT_NAME, __VA_ARGS__)
      |                       [01;36m[K^~~~~~~[m[K
[01m[K/home/lattinone/catkin_ws/robot_programming/src/icp_localization/src/localizer2d.cpp:131:5:[m[K [01;36m[Knote: [m[Kin expansion of macro ‘[01m[KROS_INFO[m[K’
  131 |     [01;36m[KROS_INFO[m[K("Scan [predictionPoints:%ld,points:%ld,chi:%f,pos=(%f, %f)]",prediction_normal.size(),prediction_.size(), scan_.size(), icp.chi(),
      |     [01;36m[K^~~~~~~~[m[K
[01m[K/home/lattinone/catkin_ws/robot_programming/src/icp_localization/src/localizer2d.cpp:131:58:[m[K [01;36m[Knote: [m[Kformat string is defined here
  131 |     ROS_INFO("Scan [predictionPoints:%ld,points:%ld,chi:[01;36m[K%f[m[K,pos=(%f, %f)]",prediction_normal.size(),prediction_.size(), scan_.size(), icp.chi(),
      |                                                         [01;36m[K~^[m[K
      |                                                          [01;36m[K|[m[K
      |                                                          [01;36m[Kdouble[m[K
      |                                                         [32m[K%ld[m[K
In file included from [01m[K/opt/ros/noetic/include/ros/ros.h:40[m[K,
                 from [01m[K/home/lattinone/catkin_ws/robot_programming/src/icp_localization/src/localizer2d.cpp:7[m[K:
[01m[K/home/lattinone/catkin_ws/robot_programming/src/icp_localization/src/localizer2d.cpp:131:14:[m[K [01;35m[Kwarning: [m[Ktoo many arguments for format [[01;35m[K-Wformat-extra-args[m[K]
  131 |     ROS_INFO([01;35m[K"Scan [predictionPoints:%ld,points:%ld,chi:%f,pos=(%f, %f)]"[m[K,prediction_normal.size(),prediction_.size(), scan_.size(), icp.chi(),
      |              [01;35m[K^~~~~~~~~~~~~~~~~~~~~~~~~~~~~~~~~~~~~~~~~~~~~~~~~~~~~~~~~~~~[m[K
[01m[K/opt/ros/noetic/include/ros/console.h:351:165:[m[K [01;36m[Knote: [m[Kin definition of macro ‘[01m[KROSCONSOLE_PRINT_AT_LOCATION_WITH_FILTER[m[K’
  351 |     ::ros::console::print(filter, __rosconsole_define_location__loc.logger_, __rosconsole_define_location__loc.level_, __FILE__, __LINE__, __ROSCONSOLE_FUNCTION__, [01;36m[K__VA_ARGS__[m[K)
      |                                                                                                                                                                     [01;36m[K^~~~~~~~~~~[m[K
[01m[K/opt/ros/noetic/include/ros/console.h:390:7:[m[K [01;36m[Knote: [m[Kin expansion of macro ‘[01m[KROSCONSOLE_PRINT_AT_LOCATION[m[K’
  390 |       [01;36m[KROSCONSOLE_PRINT_AT_LOCATION[m[K(__VA_ARGS__); \
      |       [01;36m[K^~~~~~~~~~~~~~~~~~~~~~~~~~~~[m[K
[01m[K/opt/ros/noetic/include/ros/console.h:575:35:[m[K [01;36m[Knote: [m[Kin expansion of macro ‘[01m[KROS_LOG_COND[m[K’
  575 | #define ROS_LOG(level, name, ...) [01;36m[KROS_LOG_COND[m[K(true, level, name, __VA_ARGS__)
      |                                   [01;36m[K^~~~~~~~~~~~[m[K
[01m[K/opt/ros/noetic/include/rosconsole/macros_generated.h:110:23:[m[K [01;36m[Knote: [m[Kin expansion of macro ‘[01m[KROS_LOG[m[K’
  110 | #define ROS_INFO(...) [01;36m[KROS_LOG[m[K(::ros::console::levels::Info, ROSCONSOLE_DEFAULT_NAME, __VA_ARGS__)
      |                       [01;36m[K^~~~~~~[m[K
[01m[K/home/lattinone/catkin_ws/robot_programming/src/icp_localization/src/localizer2d.cpp:131:5:[m[K [01;36m[Knote: [m[Kin expansion of macro ‘[01m[KROS_INFO[m[K’
  131 |     [01;36m[KROS_INFO[m[K("Scan [predictionPoints:%ld,points:%ld,chi:%f,pos=(%f, %f)]",prediction_normal.size(),prediction_.size(), scan_.size(), icp.chi(),
      |     [01;36m[K^~~~~~~~[m[K
make[2]: *** [CMakeFiles/localizer2d.dir/build.make:63: CMakeFiles/localizer2d.dir/src/localizer2d.cpp.o] Error 1
make[1]: *** [CMakeFiles/Makefile2:412: CMakeFiles/localizer2d.dir/all] Error 2
make: *** [Makefile:141: all] Error 2
